This is pdfTeX, Version 3.14159265-2.6-1.40.20 (TeX Live 2019/Debian) (preloaded format=pdflatex 2023.6.1)  17 OCT 2023 14:58
entering extended mode
 restricted \write18 enabled.
 %&-line parsing enabled.
**project_proposal.tex
(./project_proposal.tex
LaTeX2e <2020-02-02> patch level 2
L3 programming layer <2020-02-14>
(/usr/share/texlive/texmf-dist/tex/latex/base/article.cls
Document Class: article 2019/12/20 v1.4l Standard LaTeX document class
(/usr/share/texlive/texmf-dist/tex/latex/base/size12.clo
File: size12.clo 2019/12/20 v1.4l Standard LaTeX file (size option)
)
\c@part=\count167
\c@section=\count168
\c@subsection=\count169
\c@subsubsection=\count170
\c@paragraph=\count171
\c@subparagraph=\count172
\c@figure=\count173
\c@table=\count174
\abovecaptionskip=\skip47
\belowcaptionskip=\skip48
\bibindent=\dimen134
)
(/usr/share/texlive/texmf-dist/tex/latex/float/float.sty
Package: float 2001/11/08 v1.3d Float enhancements (AL)
\c@float@type=\count175
\float@exts=\toks14
\float@box=\box45
\@float@everytoks=\toks15
\@floatcapt=\box46
)
(/usr/share/texlive/texmf-dist/tex/latex/harvard/harvard.sty
Package: harvard 

(/usr/share/texlive/texmf-dist/tex/latex/base/ifthen.sty
Package: ifthen 2014/09/29 v1.1c Standard LaTeX ifthen package (DPC)
))
(/usr/share/texlive/texmf-dist/tex/latex/glossaries/base/glossaries.sty
Package: glossaries 2020/02/13 v4.45 (NLCT)

(/usr/share/texlive/texmf-dist/tex/latex/xkeyval/xkeyval.sty
Package: xkeyval 2014/12/03 v2.7a package option processing (HA)

(/usr/share/texlive/texmf-dist/tex/generic/xkeyval/xkeyval.tex
(/usr/share/texlive/texmf-dist/tex/generic/xkeyval/xkvutils.tex
\XKV@toks=\toks16
\XKV@tempa@toks=\toks17

(/usr/share/texlive/texmf-dist/tex/generic/xkeyval/keyval.tex))
\XKV@depth=\count176
File: xkeyval.tex 2014/12/03 v2.7a key=value parser (HA)
))
(/usr/share/texlive/texmf-dist/tex/latex/mfirstuc/mfirstuc.sty
Package: mfirstuc 2017/11/14 v2.06 (NLCT)

(/usr/share/texlive/texmf-dist/tex/latex/etoolbox/etoolbox.sty
Package: etoolbox 2019/09/21 v2.5h e-TeX tools for LaTeX (JAW)
\etb@tempcnta=\count177
)
\@glsmfirst=\toks18
\@glsmrest=\toks19
)
(/usr/share/texlive/texmf-dist/tex/latex/textcase/textcase.sty
Package: textcase 2019/09/14 v1.00 Text only upper/lower case changing (DPC)
)
(/usr/share/texlive/texmf-dist/tex/latex/xfor/xfor.sty
Package: xfor 2009/02/05 v1.05 (NLCT)
)
(/usr/share/texlive/texmf-dist/tex/latex/datatool/datatool-base.sty
Package: datatool-base 2019/09/27 v2.32 (NLCT)

(/usr/share/texlive/texmf-dist/tex/latex/amsmath/amsmath.sty
Package: amsmath 2020/01/20 v2.17e AMS math features
\@mathmargin=\skip49

For additional information on amsmath, use the `?' option.
(/usr/share/texlive/texmf-dist/tex/latex/amsmath/amstext.sty
Package: amstext 2000/06/29 v2.01 AMS text

(/usr/share/texlive/texmf-dist/tex/latex/amsmath/amsgen.sty
File: amsgen.sty 1999/11/30 v2.0 generic functions
\@emptytoks=\toks20
\ex@=\dimen135
))
(/usr/share/texlive/texmf-dist/tex/latex/amsmath/amsbsy.sty
Package: amsbsy 1999/11/29 v1.2d Bold Symbols
\pmbraise@=\dimen136
)
(/usr/share/texlive/texmf-dist/tex/latex/amsmath/amsopn.sty
Package: amsopn 2016/03/08 v2.02 operator names
)
\inf@bad=\count178
LaTeX Info: Redefining \frac on input line 227.
\uproot@=\count179
\leftroot@=\count180
LaTeX Info: Redefining \overline on input line 389.
\classnum@=\count181
\DOTSCASE@=\count182
LaTeX Info: Redefining \ldots on input line 486.
LaTeX Info: Redefining \dots on input line 489.
LaTeX Info: Redefining \cdots on input line 610.
\Mathstrutbox@=\box47
\strutbox@=\box48
\big@size=\dimen137
LaTeX Font Info:    Redeclaring font encoding OML on input line 733.
LaTeX Font Info:    Redeclaring font encoding OMS on input line 734.
\macc@depth=\count183
\c@MaxMatrixCols=\count184
\dotsspace@=\muskip16
\c@parentequation=\count185
\dspbrk@lvl=\count186
\tag@help=\toks21
\row@=\count187
\column@=\count188
\maxfields@=\count189
\andhelp@=\toks22
\eqnshift@=\dimen138
\alignsep@=\dimen139
\tagshift@=\dimen140
\tagwidth@=\dimen141
\totwidth@=\dimen142
\lineht@=\dimen143
\@envbody=\toks23
\multlinegap=\skip50
\multlinetaggap=\skip51
\mathdisplay@stack=\toks24
LaTeX Info: Redefining \[ on input line 2859.
LaTeX Info: Redefining \] on input line 2860.
)
(/usr/share/texlive/texmf-dist/tex/latex/substr/substr.sty
Package: substr 2009/10/20 v1.2 Handle substrings
\c@su@anzahl=\count190
)
(/usr/share/texlive/texmf-dist/tex/latex/datatool/datatool-fp.sty
Package: datatool-fp 2019/09/27 v2.32 (NLCT)

(/usr/share/texlive/texmf-dist/tex/latex/fp/fp.sty
Package: fp 1995/04/02

`Fixed Point Package', Version 0.8, April 2, 1995 (C) Michael Mehlich
(/usr/share/texlive/texmf-dist/tex/latex/fp/defpattern.sty
Package: defpattern 1994/10/12
\actioncount=\count191
)
(/usr/share/texlive/texmf-dist/tex/latex/fp/fp-basic.sty
Package: fp-basic 1996/05/13
\FP@xs=\count192
\FP@xia=\count193
\FP@xib=\count194
\FP@xfa=\count195
\FP@xfb=\count196
\FP@rega=\count197
\FP@regb=\count198
\FP@regs=\count199
\FP@times=\count266
)
(/usr/share/texlive/texmf-dist/tex/latex/fp/fp-addons.sty
Package: fp-addons 1995/03/15
)
(/usr/share/texlive/texmf-dist/tex/latex/fp/fp-snap.sty
Package: fp-snap 1995/04/05
)
(/usr/share/texlive/texmf-dist/tex/latex/fp/fp-exp.sty
Package: fp-exp 1995/04/03
)
(/usr/share/texlive/texmf-dist/tex/latex/fp/fp-trigo.sty
Package: fp-trigo 1995/04/14
)
(/usr/share/texlive/texmf-dist/tex/latex/fp/fp-pas.sty
Package: fp-pas 1994/08/29
)
(/usr/share/texlive/texmf-dist/tex/latex/fp/fp-random.sty
Package: fp-random 1995/02/23
\FPseed=\count267
)
(/usr/share/texlive/texmf-dist/tex/latex/fp/fp-eqn.sty
Package: fp-eqn 1995/04/03
)
(/usr/share/texlive/texmf-dist/tex/latex/fp/fp-upn.sty
Package: fp-upn 1996/10/21
)
(/usr/share/texlive/texmf-dist/tex/latex/fp/fp-eval.sty
Package: fp-eval 1995/04/03
)))
\@dtl@toks=\toks25
\@dtl@tmpcount=\count268
\dtl@tmplength=\skip52
\dtl@sortresult=\count269
\@dtl@numgrpsepcount=\count270
\@dtl@datatype=\count271
\dtl@codeA=\count272
\dtl@codeB=\count273
\@dtl@foreach@level=\count274
)
(/usr/share/texlive/texmf-dist/tex/latex/glossaries/base/glossaries-compatible-
307.sty
Package: glossaries-compatible-307 2020/02/13 v4.45 (NLCT)
)
\gls@level=\count275
\@gls@tmpb=\toks26
\gls@tmplen=\skip53
\glskeylisttok=\toks27
\glslabeltok=\toks28
\glsshorttok=\toks29
\glslongtok=\toks30

(/usr/share/texlive/texmf-dist/tex/latex/glossaries/styles/glossary-hypernav.st
y
Package: glossary-hypernav 2020/02/13 v4.45 (NLCT)
) (/usr/share/texlive/texmf-dist/tex/latex/glossaries/styles/glossary-list.sty
Package: glossary-list 2020/02/13 v4.45 (NLCT)
\glslistdottedwidth=\skip54
) (/usr/share/texlive/texmf-dist/tex/latex/glossaries/styles/glossary-long.sty
Package: glossary-long 2020/02/13 v4.45 (NLCT)

(/usr/share/texlive/texmf-dist/tex/latex/tools/longtable.sty
Package: longtable 2020/01/07 v4.13 Multi-page Table package (DPC)
\LTleft=\skip55
\LTright=\skip56
\LTpre=\skip57
\LTpost=\skip58
\LTchunksize=\count276
\LTcapwidth=\dimen144
\LT@head=\box49
\LT@firsthead=\box50
\LT@foot=\box51
\LT@lastfoot=\box52
\LT@cols=\count277
\LT@rows=\count278
\c@LT@tables=\count279
\c@LT@chunks=\count280
\LT@p@ftn=\toks31
)
\glsdescwidth=\skip59
\glspagelistwidth=\skip60
)
(/usr/share/texlive/texmf-dist/tex/latex/glossaries/styles/glossary-super.sty
Package: glossary-super 2020/02/13 v4.45 (NLCT)

(/usr/share/texlive/texmf-dist/tex/latex/supertabular/supertabular.sty
Package: supertabular 2020/02/02 v4.1g the supertabular environment
\c@tracingst=\count281
\ST@wd=\dimen145
\ST@rightskip=\skip61
\ST@leftskip=\skip62
\ST@parfillskip=\skip63
\ST@pageleft=\dimen146
\ST@headht=\dimen147
\ST@tailht=\dimen148
\ST@pagesofar=\dimen149
\ST@pboxht=\dimen150
\ST@lineht=\dimen151
\ST@prevht=\dimen152
\ST@toadd=\dimen153
\ST@dimen=\dimen154
\ST@pbox=\box53
))
(/usr/share/texlive/texmf-dist/tex/latex/glossaries/styles/glossary-tree.sty
Package: glossary-tree 2020/02/13 v4.45 (NLCT)
\glstreeindent=\skip64
))
(/usr/share/texlive/texmf-dist/tex/latex/glossaries-extra/glossaries-extra.sty
Package: glossaries-extra 2020/02/13 v1.42 (NLCT)
\glsxtrresourcecount=\count282
\@glsxtrnewgls@inner=\count283
\glsshortpltok=\toks32
\glslongpltok=\toks33
) (/usr/share/texlive/texmf-dist/tex/latex/pgfgantt/pgfgantt.sty
Package: pgfgantt 2018/01/10 v5.0 Draw Gantt diagrams with TikZ

(/usr/share/texlive/texmf-dist/tex/latex/pgf/frontendlayer/tikz.sty
(/usr/share/texlive/texmf-dist/tex/latex/pgf/basiclayer/pgf.sty
(/usr/share/texlive/texmf-dist/tex/latex/pgf/utilities/pgfrcs.sty
(/usr/share/texlive/texmf-dist/tex/generic/pgf/utilities/pgfutil-common.tex
\pgfutil@everybye=\toks34
\pgfutil@tempdima=\dimen155
\pgfutil@tempdimb=\dimen156

(/usr/share/texlive/texmf-dist/tex/generic/pgf/utilities/pgfutil-common-lists.t
ex)) (/usr/share/texlive/texmf-dist/tex/generic/pgf/utilities/pgfutil-latex.def
\pgfutil@abb=\box54
(/usr/share/texlive/texmf-dist/tex/latex/ms/everyshi.sty
Package: everyshi 2001/05/15 v3.00 EveryShipout Package (MS)
))
(/usr/share/texlive/texmf-dist/tex/generic/pgf/utilities/pgfrcs.code.tex
(/usr/share/texlive/texmf-dist/tex/generic/pgf/pgf.revision.tex)
Package: pgfrcs 2020/01/08 v3.1.5b (3.1.5b)
))
Package: pgf 2020/01/08 v3.1.5b (3.1.5b)

(/usr/share/texlive/texmf-dist/tex/latex/pgf/basiclayer/pgfcore.sty
(/usr/share/texlive/texmf-dist/tex/latex/graphics/graphicx.sty
Package: graphicx 2019/11/30 v1.2a Enhanced LaTeX Graphics (DPC,SPQR)

(/usr/share/texlive/texmf-dist/tex/latex/graphics/graphics.sty
Package: graphics 2019/11/30 v1.4a Standard LaTeX Graphics (DPC,SPQR)

(/usr/share/texlive/texmf-dist/tex/latex/graphics/trig.sty
Package: trig 2016/01/03 v1.10 sin cos tan (DPC)
)
(/usr/share/texlive/texmf-dist/tex/latex/graphics-cfg/graphics.cfg
File: graphics.cfg 2016/06/04 v1.11 sample graphics configuration
)
Package graphics Info: Driver file: pdftex.def on input line 105.

(/usr/share/texlive/texmf-dist/tex/latex/graphics-def/pdftex.def
File: pdftex.def 2018/01/08 v1.0l Graphics/color driver for pdftex
))
\Gin@req@height=\dimen157
\Gin@req@width=\dimen158
)
(/usr/share/texlive/texmf-dist/tex/latex/pgf/systemlayer/pgfsys.sty
(/usr/share/texlive/texmf-dist/tex/generic/pgf/systemlayer/pgfsys.code.tex
Package: pgfsys 2020/01/08 v3.1.5b (3.1.5b)

(/usr/share/texlive/texmf-dist/tex/generic/pgf/utilities/pgfkeys.code.tex
\pgfkeys@pathtoks=\toks35
\pgfkeys@temptoks=\toks36

(/usr/share/texlive/texmf-dist/tex/generic/pgf/utilities/pgfkeysfiltered.code.t
ex
\pgfkeys@tmptoks=\toks37
))
\pgf@x=\dimen159
\pgf@y=\dimen160
\pgf@xa=\dimen161
\pgf@ya=\dimen162
\pgf@xb=\dimen163
\pgf@yb=\dimen164
\pgf@xc=\dimen165
\pgf@yc=\dimen166
\pgf@xd=\dimen167
\pgf@yd=\dimen168
\w@pgf@writea=\write3
\r@pgf@reada=\read2
\c@pgf@counta=\count284
\c@pgf@countb=\count285
\c@pgf@countc=\count286
\c@pgf@countd=\count287
\t@pgf@toka=\toks38
\t@pgf@tokb=\toks39
\t@pgf@tokc=\toks40
\pgf@sys@id@count=\count288
 (/usr/share/texlive/texmf-dist/tex/generic/pgf/systemlayer/pgf.cfg
File: pgf.cfg 2020/01/08 v3.1.5b (3.1.5b)
)
Driver file for pgf: pgfsys-pdftex.def

(/usr/share/texlive/texmf-dist/tex/generic/pgf/systemlayer/pgfsys-pdftex.def
File: pgfsys-pdftex.def 2020/01/08 v3.1.5b (3.1.5b)

(/usr/share/texlive/texmf-dist/tex/generic/pgf/systemlayer/pgfsys-common-pdf.de
f
File: pgfsys-common-pdf.def 2020/01/08 v3.1.5b (3.1.5b)
)))
(/usr/share/texlive/texmf-dist/tex/generic/pgf/systemlayer/pgfsyssoftpath.code.
tex
File: pgfsyssoftpath.code.tex 2020/01/08 v3.1.5b (3.1.5b)
\pgfsyssoftpath@smallbuffer@items=\count289
\pgfsyssoftpath@bigbuffer@items=\count290
)
(/usr/share/texlive/texmf-dist/tex/generic/pgf/systemlayer/pgfsysprotocol.code.
tex
File: pgfsysprotocol.code.tex 2020/01/08 v3.1.5b (3.1.5b)
)) (/usr/share/texlive/texmf-dist/tex/latex/xcolor/xcolor.sty
Package: xcolor 2016/05/11 v2.12 LaTeX color extensions (UK)

(/usr/share/texlive/texmf-dist/tex/latex/graphics-cfg/color.cfg
File: color.cfg 2016/01/02 v1.6 sample color configuration
)
Package xcolor Info: Driver file: pdftex.def on input line 225.
Package xcolor Info: Model `cmy' substituted by `cmy0' on input line 1348.
Package xcolor Info: Model `hsb' substituted by `rgb' on input line 1352.
Package xcolor Info: Model `RGB' extended on input line 1364.
Package xcolor Info: Model `HTML' substituted by `rgb' on input line 1366.
Package xcolor Info: Model `Hsb' substituted by `hsb' on input line 1367.
Package xcolor Info: Model `tHsb' substituted by `hsb' on input line 1368.
Package xcolor Info: Model `HSB' substituted by `hsb' on input line 1369.
Package xcolor Info: Model `Gray' substituted by `gray' on input line 1370.
Package xcolor Info: Model `wave' substituted by `hsb' on input line 1371.
)
(/usr/share/texlive/texmf-dist/tex/generic/pgf/basiclayer/pgfcore.code.tex
Package: pgfcore 2020/01/08 v3.1.5b (3.1.5b)

(/usr/share/texlive/texmf-dist/tex/generic/pgf/math/pgfmath.code.tex
(/usr/share/texlive/texmf-dist/tex/generic/pgf/math/pgfmathcalc.code.tex
(/usr/share/texlive/texmf-dist/tex/generic/pgf/math/pgfmathutil.code.tex)
(/usr/share/texlive/texmf-dist/tex/generic/pgf/math/pgfmathparser.code.tex
\pgfmath@dimen=\dimen169
\pgfmath@count=\count291
\pgfmath@box=\box55
\pgfmath@toks=\toks41
\pgfmath@stack@operand=\toks42
\pgfmath@stack@operation=\toks43
)
(/usr/share/texlive/texmf-dist/tex/generic/pgf/math/pgfmathfunctions.code.tex
(/usr/share/texlive/texmf-dist/tex/generic/pgf/math/pgfmathfunctions.basic.code
.tex)
(/usr/share/texlive/texmf-dist/tex/generic/pgf/math/pgfmathfunctions.trigonomet
ric.code.tex)
(/usr/share/texlive/texmf-dist/tex/generic/pgf/math/pgfmathfunctions.random.cod
e.tex)
(/usr/share/texlive/texmf-dist/tex/generic/pgf/math/pgfmathfunctions.comparison
.code.tex)
(/usr/share/texlive/texmf-dist/tex/generic/pgf/math/pgfmathfunctions.base.code.
tex)
(/usr/share/texlive/texmf-dist/tex/generic/pgf/math/pgfmathfunctions.round.code
.tex)
(/usr/share/texlive/texmf-dist/tex/generic/pgf/math/pgfmathfunctions.misc.code.
tex)
(/usr/share/texlive/texmf-dist/tex/generic/pgf/math/pgfmathfunctions.integerari
thmetics.code.tex)))
(/usr/share/texlive/texmf-dist/tex/generic/pgf/math/pgfmathfloat.code.tex
\c@pgfmathroundto@lastzeros=\count292
))
(/usr/share/texlive/texmf-dist/tex/generic/pgf/math/pgfint.code.tex)
(/usr/share/texlive/texmf-dist/tex/generic/pgf/basiclayer/pgfcorepoints.code.te
x
File: pgfcorepoints.code.tex 2020/01/08 v3.1.5b (3.1.5b)
\pgf@picminx=\dimen170
\pgf@picmaxx=\dimen171
\pgf@picminy=\dimen172
\pgf@picmaxy=\dimen173
\pgf@pathminx=\dimen174
\pgf@pathmaxx=\dimen175
\pgf@pathminy=\dimen176
\pgf@pathmaxy=\dimen177
\pgf@xx=\dimen178
\pgf@xy=\dimen179
\pgf@yx=\dimen180
\pgf@yy=\dimen181
\pgf@zx=\dimen182
\pgf@zy=\dimen183
)
(/usr/share/texlive/texmf-dist/tex/generic/pgf/basiclayer/pgfcorepathconstruct.
code.tex
File: pgfcorepathconstruct.code.tex 2020/01/08 v3.1.5b (3.1.5b)
\pgf@path@lastx=\dimen184
\pgf@path@lasty=\dimen185
)
(/usr/share/texlive/texmf-dist/tex/generic/pgf/basiclayer/pgfcorepathusage.code
.tex
File: pgfcorepathusage.code.tex 2020/01/08 v3.1.5b (3.1.5b)
\pgf@shorten@end@additional=\dimen186
\pgf@shorten@start@additional=\dimen187
)
(/usr/share/texlive/texmf-dist/tex/generic/pgf/basiclayer/pgfcorescopes.code.te
x
File: pgfcorescopes.code.tex 2020/01/08 v3.1.5b (3.1.5b)
\pgfpic=\box56
\pgf@hbox=\box57
\pgf@layerbox@main=\box58
\pgf@picture@serial@count=\count293
)
(/usr/share/texlive/texmf-dist/tex/generic/pgf/basiclayer/pgfcoregraphicstate.c
ode.tex
File: pgfcoregraphicstate.code.tex 2020/01/08 v3.1.5b (3.1.5b)
\pgflinewidth=\dimen188
)
(/usr/share/texlive/texmf-dist/tex/generic/pgf/basiclayer/pgfcoretransformation
s.code.tex
File: pgfcoretransformations.code.tex 2020/01/08 v3.1.5b (3.1.5b)
\pgf@pt@x=\dimen189
\pgf@pt@y=\dimen190
\pgf@pt@temp=\dimen191
)
(/usr/share/texlive/texmf-dist/tex/generic/pgf/basiclayer/pgfcorequick.code.tex
File: pgfcorequick.code.tex 2020/01/08 v3.1.5b (3.1.5b)
)
(/usr/share/texlive/texmf-dist/tex/generic/pgf/basiclayer/pgfcoreobjects.code.t
ex
File: pgfcoreobjects.code.tex 2020/01/08 v3.1.5b (3.1.5b)
)
(/usr/share/texlive/texmf-dist/tex/generic/pgf/basiclayer/pgfcorepathprocessing
.code.tex
File: pgfcorepathprocessing.code.tex 2020/01/08 v3.1.5b (3.1.5b)
)
(/usr/share/texlive/texmf-dist/tex/generic/pgf/basiclayer/pgfcorearrows.code.te
x
File: pgfcorearrows.code.tex 2020/01/08 v3.1.5b (3.1.5b)
\pgfarrowsep=\dimen192
)
(/usr/share/texlive/texmf-dist/tex/generic/pgf/basiclayer/pgfcoreshade.code.tex
File: pgfcoreshade.code.tex 2020/01/08 v3.1.5b (3.1.5b)
\pgf@max=\dimen193
\pgf@sys@shading@range@num=\count294
\pgf@shadingcount=\count295
)
(/usr/share/texlive/texmf-dist/tex/generic/pgf/basiclayer/pgfcoreimage.code.tex
File: pgfcoreimage.code.tex 2020/01/08 v3.1.5b (3.1.5b)

(/usr/share/texlive/texmf-dist/tex/generic/pgf/basiclayer/pgfcoreexternal.code.
tex
File: pgfcoreexternal.code.tex 2020/01/08 v3.1.5b (3.1.5b)
\pgfexternal@startupbox=\box59
))
(/usr/share/texlive/texmf-dist/tex/generic/pgf/basiclayer/pgfcorelayers.code.te
x
File: pgfcorelayers.code.tex 2020/01/08 v3.1.5b (3.1.5b)
)
(/usr/share/texlive/texmf-dist/tex/generic/pgf/basiclayer/pgfcoretransparency.c
ode.tex
File: pgfcoretransparency.code.tex 2020/01/08 v3.1.5b (3.1.5b)
)
(/usr/share/texlive/texmf-dist/tex/generic/pgf/basiclayer/pgfcorepatterns.code.
tex
File: pgfcorepatterns.code.tex 2020/01/08 v3.1.5b (3.1.5b)
)
(/usr/share/texlive/texmf-dist/tex/generic/pgf/basiclayer/pgfcorerdf.code.tex
File: pgfcorerdf.code.tex 2020/01/08 v3.1.5b (3.1.5b)
)))
(/usr/share/texlive/texmf-dist/tex/generic/pgf/modules/pgfmoduleshapes.code.tex
File: pgfmoduleshapes.code.tex 2020/01/08 v3.1.5b (3.1.5b)
\pgfnodeparttextbox=\box60
) (/usr/share/texlive/texmf-dist/tex/generic/pgf/modules/pgfmoduleplot.code.tex
File: pgfmoduleplot.code.tex 2020/01/08 v3.1.5b (3.1.5b)
)
(/usr/share/texlive/texmf-dist/tex/latex/pgf/compatibility/pgfcomp-version-0-65
.sty
Package: pgfcomp-version-0-65 2020/01/08 v3.1.5b (3.1.5b)
\pgf@nodesepstart=\dimen194
\pgf@nodesepend=\dimen195
)
(/usr/share/texlive/texmf-dist/tex/latex/pgf/compatibility/pgfcomp-version-1-18
.sty
Package: pgfcomp-version-1-18 2020/01/08 v3.1.5b (3.1.5b)
)) (/usr/share/texlive/texmf-dist/tex/latex/pgf/utilities/pgffor.sty
(/usr/share/texlive/texmf-dist/tex/latex/pgf/utilities/pgfkeys.sty
(/usr/share/texlive/texmf-dist/tex/generic/pgf/utilities/pgfkeys.code.tex))
(/usr/share/texlive/texmf-dist/tex/latex/pgf/math/pgfmath.sty
(/usr/share/texlive/texmf-dist/tex/generic/pgf/math/pgfmath.code.tex))
(/usr/share/texlive/texmf-dist/tex/generic/pgf/utilities/pgffor.code.tex
Package: pgffor 2020/01/08 v3.1.5b (3.1.5b)

(/usr/share/texlive/texmf-dist/tex/generic/pgf/math/pgfmath.code.tex)
\pgffor@iter=\dimen196
\pgffor@skip=\dimen197
\pgffor@stack=\toks44
\pgffor@toks=\toks45
))
(/usr/share/texlive/texmf-dist/tex/generic/pgf/frontendlayer/tikz/tikz.code.tex
Package: tikz 2020/01/08 v3.1.5b (3.1.5b)

(/usr/share/texlive/texmf-dist/tex/generic/pgf/libraries/pgflibraryplothandlers
.code.tex
File: pgflibraryplothandlers.code.tex 2020/01/08 v3.1.5b (3.1.5b)
\pgf@plot@mark@count=\count296
\pgfplotmarksize=\dimen198
)
\tikz@lastx=\dimen199
\tikz@lasty=\dimen256
\tikz@lastxsaved=\dimen257
\tikz@lastysaved=\dimen258
\tikz@lastmovetox=\dimen259
\tikz@lastmovetoy=\dimen260
\tikzleveldistance=\dimen261
\tikzsiblingdistance=\dimen262
\tikz@figbox=\box61
\tikz@figbox@bg=\box62
\tikz@tempbox=\box63
\tikz@tempbox@bg=\box64
\tikztreelevel=\count297
\tikznumberofchildren=\count298
\tikznumberofcurrentchild=\count299
\tikz@fig@count=\count300

(/usr/share/texlive/texmf-dist/tex/generic/pgf/modules/pgfmodulematrix.code.tex
File: pgfmodulematrix.code.tex 2020/01/08 v3.1.5b (3.1.5b)
\pgfmatrixcurrentrow=\count301
\pgfmatrixcurrentcolumn=\count302
\pgf@matrix@numberofcolumns=\count303
)
\tikz@expandcount=\count304

(/usr/share/texlive/texmf-dist/tex/generic/pgf/frontendlayer/tikz/libraries/tik
zlibrarytopaths.code.tex
File: tikzlibrarytopaths.code.tex 2020/01/08 v3.1.5b (3.1.5b)
)))
(/usr/share/texlive/texmf-dist/tex/generic/pgf/frontendlayer/tikz/libraries/tik
zlibraryarrows.code.tex
File: tikzlibraryarrows.code.tex 2020/01/08 v3.1.5b (3.1.5b)

(/usr/share/texlive/texmf-dist/tex/generic/pgf/libraries/pgflibraryarrows.code.
tex
File: pgflibraryarrows.code.tex 2020/01/08 v3.1.5b (3.1.5b)
\arrowsize=\dimen263
))
(/usr/share/texlive/texmf-dist/tex/generic/pgf/frontendlayer/tikz/libraries/tik
zlibrarybackgrounds.code.tex
File: tikzlibrarybackgrounds.code.tex 2020/01/08 v3.1.5b (3.1.5b)
\pgf@layerbox@background=\box65
\pgf@layerboxsaved@background=\box66
)
(/usr/share/texlive/texmf-dist/tex/generic/pgf/frontendlayer/tikz/libraries/tik
zlibrarycalc.code.tex
File: tikzlibrarycalc.code.tex 2020/01/08 v3.1.5b (3.1.5b)
)
(/usr/share/texlive/texmf-dist/tex/generic/pgf/frontendlayer/tikz/libraries/tik
zlibrarypatterns.code.tex
File: tikzlibrarypatterns.code.tex 2020/01/08 v3.1.5b (3.1.5b)

(/usr/share/texlive/texmf-dist/tex/generic/pgf/libraries/pgflibrarypatterns.cod
e.tex
File: pgflibrarypatterns.code.tex 2020/01/08 v3.1.5b (3.1.5b)
))
(/usr/share/texlive/texmf-dist/tex/generic/pgf/frontendlayer/tikz/libraries/tik
zlibrarypositioning.code.tex
File: tikzlibrarypositioning.code.tex 2020/01/08 v3.1.5b (3.1.5b)
)
(/usr/share/texlive/texmf-dist/tex/generic/pgf/frontendlayer/tikz/libraries/tik
zlibraryshapes.geometric.code.tex
File: tikzlibraryshapes.geometric.code.tex 2020/01/08 v3.1.5b (3.1.5b)

(/usr/share/texlive/texmf-dist/tex/generic/pgf/libraries/shapes/pgflibraryshape
s.geometric.code.tex
File: pgflibraryshapes.geometric.code.tex 2020/01/08 v3.1.5b (3.1.5b)
))
(/usr/share/texlive/texmf-dist/tex/latex/pgf/utilities/pgfcalendar.sty
(/usr/share/texlive/texmf-dist/tex/generic/pgf/utilities/pgfcalendar.code.tex
File: pgfcalendar.code.tex 2020/01/08 v3.1.5b (3.1.5b)

(/usr/share/texlive/texmf-dist/tex/generic/pgf/math/pgfint.code.tex)
\pgfcalendarcurrentjulian=\count305
\pgf@cal@easter@Y=\count306
\pgf@cal@easter@G=\count307
\pgf@cal@easter@C=\count308
\pgf@cal@easter@X=\count309
\pgf@cal@easter@Z=\count310
\pgf@cal@easter@D=\count311
\pgf@cal@easter@E=\count312
\pgf@cal@easter@N=\count313
\pgf@cal@easter@M=\count314
\pgf@cal@easter@julianday=\count315
))
\gtt@currentline=\count316
\gtt@lasttitleline=\count317
\gtt@currgrid=\count318
\gtt@chartwidth=\count319
\gtt@lasttitleslot=\count320
\gtt@elementid=\count321
\gtt@today@slot=\count322
\gtt@startjulian=\count323
\gtt@endjulian=\count324
\gtt@chartid=\count325
\gtt@vrule@slot=\count326
\gtt@calendar@slots=\count327
\gtt@calendar@weeknumber=\count328
\gtt@calendar@startofweek=\count329
\gtt@left@slot=\count330
\gtt@right@slot=\count331
)
(/usr/share/texlive/texmf-dist/tex/latex/tools/array.sty
Package: array 2019/08/31 v2.4l Tabular extension package (FMi)
\col@sep=\dimen264
\ar@mcellbox=\box67
\extrarowheight=\dimen265
\NC@list=\toks46
\extratabsurround=\skip65
\backup@length=\skip66
\ar@cellbox=\box68
)
\glswrite=\write4
\glo@main@file=\write5
\openout5 = `project_proposal.glo'.

Package glossaries Info: Writing glossary file project_proposal.glo on input li
ne 14.
\glo@acronym@file=\write6
\openout6 = `project_proposal.acn'.

Package glossaries Info: Writing glossary file project_proposal.acn on input li
ne 14.

(/usr/share/texlive/texmf-dist/tex/latex/l3backend/l3backend-pdfmode.def
File: l3backend-pdfmode.def 2020-02-03 L3 backend support: PDF mode
\l__kernel_color_stack_int=\count332
\l__pdf_internal_box=\box69
)
(./project_proposal.aux)
\openout1 = `project_proposal.aux'.

LaTeX Font Info:    Checking defaults for OML/cmm/m/it on input line 46.
LaTeX Font Info:    ... okay on input line 46.
LaTeX Font Info:    Checking defaults for OMS/cmsy/m/n on input line 46.
LaTeX Font Info:    ... okay on input line 46.
LaTeX Font Info:    Checking defaults for OT1/cmr/m/n on input line 46.
LaTeX Font Info:    ... okay on input line 46.
LaTeX Font Info:    Checking defaults for T1/cmr/m/n on input line 46.
LaTeX Font Info:    ... okay on input line 46.
LaTeX Font Info:    Checking defaults for TS1/cmr/m/n on input line 46.
LaTeX Font Info:    ... okay on input line 46.
LaTeX Font Info:    Checking defaults for OMX/cmex/m/n on input line 46.
LaTeX Font Info:    ... okay on input line 46.
LaTeX Font Info:    Checking defaults for U/cmr/m/n on input line 46.
LaTeX Font Info:    ... okay on input line 46.
 ABD: EveryShipout initializing macros
(/usr/share/texlive/texmf-dist/tex/context/base/mkii/supp-pdf.mkii
[Loading MPS to PDF converter (version 2006.09.02).]
\scratchcounter=\count333
\scratchdimen=\dimen266
\scratchbox=\box70
\nofMPsegments=\count334
\nofMParguments=\count335
\everyMPshowfont=\toks47
\MPscratchCnt=\count336
\MPscratchDim=\dimen267
\MPnumerator=\count337
\makeMPintoPDFobject=\count338
\everyMPtoPDFconversion=\toks48
) (/usr/share/texlive/texmf-dist/tex/latex/epstopdf-pkg/epstopdf-base.sty
Package: epstopdf-base 2020-01-24 v2.11 Base part for package epstopdf
Package epstopdf-base Info: Redefining graphics rule for `.eps' on input line 4
85.

(/usr/share/texlive/texmf-dist/tex/latex/latexconfig/epstopdf-sys.cfg
File: epstopdf-sys.cfg 2010/07/13 v1.3 Configuration of (r)epstopdf for TeX Liv
e
))

Package glossaries-extra Warning: Base acronym command \acrfull should not be u
sed with new abbreviation definitions. Use \glsxtrfull instead on input line 53
.


Package glossaries-extra Warning: Base acronym command \acrlong should not be u
sed with new abbreviation definitions. Use \glsxtrlong instead on input line 53
.


Package glossaries-extra Warning: Base acronym command \acrshort should not be 
used with new abbreviation definitions. Use \glsxtrshort instead on input line 
53.


Package glossaries-extra Warning: Base acronym command \acrfull should not be u
sed with new abbreviation definitions. Use \glsxtrfull instead on input line 53
.


Package glossaries-extra Warning: Base acronym command \acrlong should not be u
sed with new abbreviation definitions. Use \glsxtrlong instead on input line 53
.


Package glossaries-extra Warning: Base acronym command \acrshort should not be 
used with new abbreviation definitions. Use \glsxtrshort instead on input line 
53.


Package glossaries-extra Warning: Base acronym command \acrshort should not be 
used with new abbreviation definitions. Use \glsxtrshort instead on input line 
53.


Package glossaries-extra Warning: Base acronym command \acrfull should not be u
sed with new abbreviation definitions. Use \glsxtrfull instead on input line 55
.


Package glossaries-extra Warning: Base acronym command \acrlong should not be u
sed with new abbreviation definitions. Use \glsxtrlong instead on input line 55
.


Package glossaries-extra Warning: Base acronym command \acrshort should not be 
used with new abbreviation definitions. Use \glsxtrshort instead on input line 
55.


Package glossaries-extra Warning: Base acronym command \acrshort should not be 
used with new abbreviation definitions. Use \glsxtrshort instead on input line 
55.


Package glossaries-extra Warning: Base acronym command \acrshort should not be 
used with new abbreviation definitions. Use \glsxtrshort instead on input line 
55.


Package glossaries-extra Warning: Base acronym command \acrshort should not be 
used with new abbreviation definitions. Use \glsxtrshort instead on input line 
55.


Package glossaries-extra Warning: Base acronym command \acrshort should not be 
used with new abbreviation definitions. Use \glsxtrshort instead on input line 
57.


Package glossaries-extra Warning: Base acronym command \acrshort should not be 
used with new abbreviation definitions. Use \glsxtrshort instead on input line 
57.


Package glossaries-extra Warning: Base acronym command \acrshort should not be 
used with new abbreviation definitions. Use \glsxtrshort instead on input line 
57.

[1

\openout4 = `project_proposal.ist'.

{/var/lib/texmf/fonts/map/pdftex/updmap/pdftex.map}]
Overfull \hbox (9.982pt too wide) in paragraph at lines 63--64
\OT1/cmr/m/n/12 ([]Wong, Sim-mons, Rivera-Villicana, Bar-nett, Si-vatham-boo, P
e-rucca, Ge, Kwan,
 []


Overfull \hbox (41.16791pt too wide) in paragraph at lines 67--80
 [][] 
 []


Overfull \hbox (9.4768pt too wide) in paragraph at lines 88--88
[]|\OT1/cmr/bx/n/12 Number
 []


Underfull \hbox (badness 10000) in paragraph at lines 88--88
\OT1/cmr/bx/n/12 of
 []


Underfull \hbox (badness 10000) in paragraph at lines 88--88
\OT1/cmr/bx/n/12 chan-
 []


Underfull \hbox (badness 10000) in paragraph at lines 88--88
[]|\OT1/cmr/bx/n/12 Placement
 []


Underfull \hbox (badness 10000) in paragraph at lines 89--89
[]|\OT1/cmr/m/n/12 International
 []


Underfull \hbox (badness 3471) in paragraph at lines 89--89
\OT1/cmr/m/n/12 10{20 sys-tem,
 []


Overfull \hbox (15.34328pt too wide) in paragraph at lines 89--90
[]|\OT1/cmr/m/n/12 Scalp/Intracranial
 []


Underfull \hbox (badness 10000) in paragraph at lines 90--90
[]|\OT1/cmr/m/n/12 International
 []


Underfull \hbox (badness 10000) in paragraph at lines 90--90
\OT1/cmr/m/n/12 10{20 sys-
 []


Overfull \hbox (18.93352pt too wide) in paragraph at lines 90--90
\OT1/cmr/m/n/12 tem/Nomenclature| 
 []


Underfull \hbox (badness 10000) in paragraph at lines 91--92
[]|\OT1/cmr/m/n/12 Intracranial
 []


Underfull \hbox (badness 10000) in paragraph at lines 92--92
[]|\OT1/cmr/m/n/12 Kaggle UPenn and Mayo
 []


Underfull \hbox (badness 10000) in paragraph at lines 92--92
\OT1/cmr/m/n/12 Clinic's Seizure De-tec-tion
 []


Underfull \hbox (badness 10000) in paragraph at lines 92--93
[]|\OT1/cmr/m/n/12 Intracranial
 []


Underfull \hbox (badness 10000) in paragraph at lines 93--94
[]|\OT1/cmr/m/n/12 Intracranial
 []


Underfull \hbox (badness 10000) in paragraph at lines 94--94
[]|\OT1/cmr/m/n/12 International
 []


Underfull \hbox (badness 2189) in paragraph at lines 95--95
[]|\OT1/cmr/m/n/12 Kaggle Melbourne-University
 []


Underfull \hbox (badness 10000) in paragraph at lines 95--96
[]|\OT1/cmr/m/n/12 Intracranial
 []


Underfull \hbox (badness 3803) in paragraph at lines 96--96
[]|\OT1/cmr/m/n/12 TUH EEG Seizure Cor-pus
 []


Underfull \hbox (badness 10000) in paragraph at lines 96--96
[]|\OT1/cmr/m/n/12 International
 []


Underfull \hbox (badness 2556) in paragraph at lines 97--97
[]|\OT1/cmr/m/n/12 Helsinki Uni-ver-sity Hos-pi-tal
 []


Underfull \hbox (badness 10000) in paragraph at lines 97--97
[]|\OT1/cmr/m/n/12 International
 []


Underfull \hbox (badness 10000) in paragraph at lines 98--98
[]|\OT1/cmr/m/n/12 International
 []


Underfull \hbox (badness 10000) in paragraph at lines 98--98
\OT1/cmr/m/n/12 10{20 sys-
 []


Overfull \hbox (18.93352pt too wide) in paragraph at lines 98--98
\OT1/cmr/m/n/12 tem/Nomenclature| 
 []


Overfull \hbox (8.99762pt too wide) in paragraph at lines 87--100
 [][] 
 []

[2]

Package glossaries-extra Warning: Base acronym command \acrshort should not be 
used with new abbreviation definitions. Use \glsxtrshort instead on input line 
103.


Overfull \hbox (9.88177pt too wide) in paragraph at lines 110--110
[]|\OT1/cmr/bx/n/12 Noncontinuous
 []


Underfull \hbox (badness 10000) in paragraph at lines 111--111
[]|\OT1/cmr/bx/n/12 Short-term
 []


Underfull \hbox (badness 10000) in paragraph at lines 111--111
\OT1/cmr/bx/n/12 con-tin-u-ous
 []


Underfull \hbox (badness 10000) in paragraph at lines 112--113
[]|\OT1/cmr/bx/n/12 Continuous
 []


Underfull \hbox (badness 10000) in paragraph at lines 117--117
[]|\OT1/cmr/m/n/12 Kaggle UPenn and Mayo
 []


Underfull \hbox (badness 10000) in paragraph at lines 117--117
\OT1/cmr/m/n/12 Clinic's Seizure De-tec-tion
 []


Underfull \hbox (badness 2189) in paragraph at lines 120--120
[]|\OT1/cmr/m/n/12 Kaggle Melbourne-University
 []


Underfull \hbox (badness 3803) in paragraph at lines 121--121
[]|\OT1/cmr/m/n/12 TUH EEG Seizure Cor-pus
 []


Underfull \hbox (badness 2556) in paragraph at lines 122--122
[]|\OT1/cmr/m/n/12 Helsinki Uni-ver-sity Hos-pi-tal
 []


Overfull \hbox (47.99405pt too wide) in paragraph at lines 108--125
 [][] 
 []

[3]

Package glossaries-extra Warning: Base acronym command \acrshort should not be 
used with new abbreviation definitions. Use \glsxtrshort instead on input line 
131.


Package glossaries-extra Warning: Base acronym command \acrshort should not be 
used with new abbreviation definitions. Use \glsxtrshort instead on input line 
131.

[4]

Package glossaries-extra Warning: Base acronym command \acrfull should not be u
sed with new abbreviation definitions. Use \glsxtrfull instead on input line 13
4.


Package glossaries-extra Warning: Base acronym command \acrlong should not be u
sed with new abbreviation definitions. Use \glsxtrlong instead on input line 13
4.


Package glossaries-extra Warning: Base acronym command \acrshort should not be 
used with new abbreviation definitions. Use \glsxtrshort instead on input line 
134.


Package glossaries-extra Warning: Base acronym command \acrshort should not be 
used with new abbreviation definitions. Use \glsxtrshort instead on input line 
134.


Package glossaries-extra Warning: Base acronym command \acrfull should not be u
sed with new abbreviation definitions. Use \glsxtrfull instead on input line 13
4.


Package glossaries-extra Warning: Base acronym command \acrlong should not be u
sed with new abbreviation definitions. Use \glsxtrlong instead on input line 13
4.


Package glossaries-extra Warning: Base acronym command \acrshort should not be 
used with new abbreviation definitions. Use \glsxtrshort instead on input line 
134.


Package glossaries-extra Warning: Base acronym command \acrshort should not be 
used with new abbreviation definitions. Use \glsxtrshort instead on input line 
134.


Package glossaries-extra Warning: Base acronym command \acrfull should not be u
sed with new abbreviation definitions. Use \glsxtrfull instead on input line 13
4.


Package glossaries-extra Warning: Base acronym command \acrlong should not be u
sed with new abbreviation definitions. Use \glsxtrlong instead on input line 13
4.


Package glossaries-extra Warning: Base acronym command \acrshort should not be 
used with new abbreviation definitions. Use \glsxtrshort instead on input line 
134.


Package glossaries-extra Warning: Base acronym command \acrshort should not be 
used with new abbreviation definitions. Use \glsxtrshort instead on input line 
134.


Package glossaries-extra Warning: Base acronym command \acrshort should not be 
used with new abbreviation definitions. Use \glsxtrshort instead on input line 
137.


Package glossaries-extra Warning: Base acronym command \acrfull should not be u
sed with new abbreviation definitions. Use \glsxtrfull instead on input line 13
7.


Package glossaries-extra Warning: Base acronym command \acrlong should not be u
sed with new abbreviation definitions. Use \glsxtrlong instead on input line 13
7.


Package glossaries-extra Warning: Base acronym command \acrshort should not be 
used with new abbreviation definitions. Use \glsxtrshort instead on input line 
137.


Package glossaries-extra Warning: Base acronym command \acrshort should not be 
used with new abbreviation definitions. Use \glsxtrshort instead on input line 
137.


Package glossaries-extra Warning: Base acronym command \acrshort should not be 
used with new abbreviation definitions. Use \glsxtrshort instead on input line 
137.

[5]

Package glossaries-extra Warning: Base acronym command \acrshort should not be 
used with new abbreviation definitions. Use \glsxtrshort instead on input line 
140.


Package glossaries-extra Warning: Base acronym command \acrshort should not be 
used with new abbreviation definitions. Use \glsxtrshort instead on input line 
140.


Package glossaries-extra Warning: Base acronym command \acrfull should not be u
sed with new abbreviation definitions. Use \glsxtrfull instead on input line 14
0.


Package glossaries-extra Warning: Base acronym command \acrlong should not be u
sed with new abbreviation definitions. Use \glsxtrlong instead on input line 14
0.


Package glossaries-extra Warning: Base acronym command \acrshort should not be 
used with new abbreviation definitions. Use \glsxtrshort instead on input line 
140.


Package glossaries-extra Warning: Base acronym command \acrshort should not be 
used with new abbreviation definitions. Use \glsxtrshort instead on input line 
140.


Package glossaries-extra Warning: Base acronym command \acrshort should not be 
used with new abbreviation definitions. Use \glsxtrshort instead on input line 
148.


Package glossaries-extra Warning: Base acronym command \acrfull should not be u
sed with new abbreviation definitions. Use \glsxtrfull instead on input line 14
8.


Package glossaries-extra Warning: Base acronym command \acrlong should not be u
sed with new abbreviation definitions. Use \glsxtrlong instead on input line 14
8.


Package glossaries-extra Warning: Base acronym command \acrshort should not be 
used with new abbreviation definitions. Use \glsxtrshort instead on input line 
148.


Package glossaries-extra Warning: Base acronym command \acrshort should not be 
used with new abbreviation definitions. Use \glsxtrshort instead on input line 
148.


Package glossaries-extra Warning: Base acronym command \acrshort should not be 
used with new abbreviation definitions. Use \glsxtrshort instead on input line 
148.


Package glossaries-extra Warning: Base acronym command \acrfull should not be u
sed with new abbreviation definitions. Use \glsxtrfull instead on input line 14
8.


Package glossaries-extra Warning: Base acronym command \acrlong should not be u
sed with new abbreviation definitions. Use \glsxtrlong instead on input line 14
8.


Package glossaries-extra Warning: Base acronym command \acrshort should not be 
used with new abbreviation definitions. Use \glsxtrshort instead on input line 
148.


Overfull \hbox (4.95305pt too wide) in paragraph at lines 148--149
\OT1/cmr/m/n/12 I will be uti-liz-ing the open-source CHB-MIT dataset ([]Shoeb[
] 2009) ([]Goldberger
 []

[6]

Package glossaries-extra Warning: Base acronym command \acrshort should not be 
used with new abbreviation definitions. Use \glsxtrshort instead on input line 
172.


Package glossaries-extra Warning: Base acronym command \acrshort should not be 
used with new abbreviation definitions. Use \glsxtrshort instead on input line 
172.


Package glossaries-extra Warning: Base acronym command \acrshort should not be 
used with new abbreviation definitions. Use \glsxtrshort instead on input line 
172.


Package glossaries-extra Warning: Base acronym command \acrfull should not be u
sed with new abbreviation definitions. Use \glsxtrfull instead on input line 17
2.


Package glossaries-extra Warning: Base acronym command \acrlong should not be u
sed with new abbreviation definitions. Use \glsxtrlong instead on input line 17
2.


Package glossaries-extra Warning: Base acronym command \acrshort should not be 
used with new abbreviation definitions. Use \glsxtrshort instead on input line 
172.


Package glossaries-extra Warning: Base acronym command \acrshort should not be 
used with new abbreviation definitions. Use \glsxtrshort instead on input line 
172.


Package glossaries-extra Warning: Base acronym command \acrshort should not be 
used with new abbreviation definitions. Use \glsxtrshort instead on input line 
174.


Package glossaries-extra Warning: Base acronym command \acrshort should not be 
used with new abbreviation definitions. Use \glsxtrshort instead on input line 
174.


Package glossaries-extra Warning: Base acronym command \acrshort should not be 
used with new abbreviation definitions. Use \glsxtrshort instead on input line 
174.

[7]
Overfull \hbox (2.86703pt too wide) in paragraph at lines 186--187
[]\OT1/cmr/m/n/12 Implement Com-mon Spa-tial Pat-tern (CSP) al-go-rithm for noi
se
 []


Package glossaries-extra Warning: Base acronym command \acrshort should not be 
used with new abbreviation definitions. Use \glsxtrshort instead on input line 
200.


Overfull \hbox (14.73474pt too wide) in paragraph at lines 200--201
[]\OT1/cmr/m/n/12 Tune SVM hyper-parameters for op-ti-mal per-for-mance us-ing 
[]LOOCV. 
 []


Overfull \hbox (2.96393pt too wide) in paragraph at lines 206--207
[]\OT1/cmr/m/n/12 Validate the pre-dic-tion ac-cu-racy and sen-si-tiv-ity with 
a test dataset. 
 []

<./images/gantt.png, id=33, 1022.31938pt x 234.1247pt>
File: ./images/gantt.png Graphic file (type png)
<use ./images/gantt.png>
Package pdftex.def Info: ./images/gantt.png  used on input line 226.
(pdftex.def)             Requested size: 390.0pt x 89.31482pt.
[8] [9 <./images/gantt.PNG>] (./project_proposal.acr) (./project_proposal.gls)
[10] (./project_proposal.bbl
Underfull \hbox (badness 1173) in paragraph at lines 38--48
[]| | \OT1/cmr/m/n/12 Gold-berger, A. L., Ama-ral, L. A. N., Glass, L., Haus-do
rff, J. M.,
 []

[11]
Underfull \hbox (badness 1038) in paragraph at lines 69--74
[]| | \OT1/cmr/m/n/12 Lange, H. H., Lieb, J. P., En-gel Jr, J. & Cran-dall, P. 
H. (1983),
 []


Underfull \hbox (badness 10000) in paragraph at lines 88--92
\OT1/cmr/bx/n/12 URL: \OT1/cmr/m/it/12 https://www.hopkinsmedicine.org/health/c
onditions-and-
 []

[12] [13]) [14
runsystem(makeindex -s project_proposal.ist -t project_proposal.glg -o project_
proposal.gls project_proposal.glo)...executed safely (allowed).

runsystem(makeindex -s project_proposal.ist -t project_proposal.alg -o project_
proposal.acr project_proposal.acn)...executed safely (allowed).

] (./project_proposal.aux) ) 
Here is how much of TeX's memory you used:
 20279 strings out of 483183
 401967 string characters out of 5966293
 730190 words of memory out of 5000000
 34919 multiletter control sequences out of 15000+600000
 539315 words of font info for 48 fonts, out of 8000000 for 9000
 14 hyphenation exceptions out of 8191
 68i,10n,69p,1636b,332s stack positions out of 5000i,500n,10000p,200000b,80000s
 </home/omega/.texlive2019/texmf-var/fonts/pk/ljfou
r/jknappen/ec/tcrm1200.600pk></usr/share/texlive/texmf-dist/fonts/type1/public/
amsfonts/cm/cmbx12.pfb></usr/share/texlive/texmf-dist/fonts/type1/public/amsfon
ts/cm/cmr12.pfb></usr/share/texlive/texmf-dist/fonts/type1/public/amsfonts/cm/c
mr17.pfb></usr/share/texlive/texmf-dist/fonts/type1/public/amsfonts/cm/cmsy10.p
fb></usr/share/texlive/texmf-dist/fonts/type1/public/amsfonts/cm/cmti12.pfb>
Output written on project_proposal.pdf (14 pages, 131354 bytes).
PDF statistics:
 81 PDF objects out of 1000 (max. 8388607)
 56 compressed objects within 1 object stream
 0 named destinations out of 1000 (max. 500000)
 18 words of extra memory for PDF output out of 10000 (max. 10000000)

